Traceback (most recent call last):
  File "/Users/corrado/opt/anaconda3/envs/pymc_env/lib/python3.11/site-packages/jupyter_cache/executors/utils.py", line 58, in single_nb_execution
    executenb(
  File "/Users/corrado/opt/anaconda3/envs/pymc_env/lib/python3.11/site-packages/nbclient/client.py", line 1305, in execute
    return NotebookClient(nb=nb, resources=resources, km=km, **kwargs).execute()
           ^^^^^^^^^^^^^^^^^^^^^^^^^^^^^^^^^^^^^^^^^^^^^^^^^^^^^^^^^^^^^^^^^^^^^
  File "/Users/corrado/opt/anaconda3/envs/pymc_env/lib/python3.11/site-packages/jupyter_core/utils/__init__.py", line 162, in wrapped
    return loop.run_until_complete(inner)
           ^^^^^^^^^^^^^^^^^^^^^^^^^^^^^^
  File "/Users/corrado/opt/anaconda3/envs/pymc_env/lib/python3.11/asyncio/base_events.py", line 653, in run_until_complete
    return future.result()
           ^^^^^^^^^^^^^^^
  File "/Users/corrado/opt/anaconda3/envs/pymc_env/lib/python3.11/site-packages/nbclient/client.py", line 705, in async_execute
    await self.async_execute_cell(
  File "/Users/corrado/opt/anaconda3/envs/pymc_env/lib/python3.11/site-packages/nbclient/client.py", line 1058, in async_execute_cell
    await self._check_raise_for_error(cell, cell_index, exec_reply)
  File "/Users/corrado/opt/anaconda3/envs/pymc_env/lib/python3.11/site-packages/nbclient/client.py", line 914, in _check_raise_for_error
    raise CellExecutionError.from_cell_and_msg(cell, exec_reply_content)
nbclient.exceptions.CellExecutionError: An error occurred while executing the following cell:
------------------
%matplotlib inline
%config InlineBackend.figure_format = 'retina'

RANDOM_SEED = 42
rng = np.random.default_rng(RANDOM_SEED)

from aquarel import load_theme
theme = load_theme("minimal_light")
theme.apply()
import matplotlib.style as style 
style.use("tableau-colorblind10")
------------------


[0;31m---------------------------------------------------------------------------[0m
[0;31mModuleNotFoundError[0m                       Traceback (most recent call last)
Cell [0;32mIn[2], line 7[0m
[1;32m      4[0m RANDOM_SEED [38;5;241m=[39m [38;5;241m42[39m
[1;32m      5[0m rng [38;5;241m=[39m np[38;5;241m.[39mrandom[38;5;241m.[39mdefault_rng(RANDOM_SEED)
[0;32m----> 7[0m [38;5;28;01mfrom[39;00m [38;5;21;01maquarel[39;00m [38;5;28;01mimport[39;00m load_theme
[1;32m      8[0m theme [38;5;241m=[39m load_theme([38;5;124m"[39m[38;5;124mminimal_light[39m[38;5;124m"[39m)
[1;32m      9[0m theme[38;5;241m.[39mapply()

[0;31mModuleNotFoundError[0m: No module named 'aquarel'

