Traceback (most recent call last):
  File "/Users/corrado/opt/anaconda3/envs/pymc_env/lib/python3.11/site-packages/jupyter_cache/executors/utils.py", line 58, in single_nb_execution
    executenb(
  File "/Users/corrado/opt/anaconda3/envs/pymc_env/lib/python3.11/site-packages/nbclient/client.py", line 1305, in execute
    return NotebookClient(nb=nb, resources=resources, km=km, **kwargs).execute()
           ^^^^^^^^^^^^^^^^^^^^^^^^^^^^^^^^^^^^^^^^^^^^^^^^^^^^^^^^^^^^^^^^^^^^^
  File "/Users/corrado/opt/anaconda3/envs/pymc_env/lib/python3.11/site-packages/jupyter_core/utils/__init__.py", line 162, in wrapped
    return loop.run_until_complete(inner)
           ^^^^^^^^^^^^^^^^^^^^^^^^^^^^^^
  File "/Users/corrado/opt/anaconda3/envs/pymc_env/lib/python3.11/asyncio/base_events.py", line 653, in run_until_complete
    return future.result()
           ^^^^^^^^^^^^^^^
  File "/Users/corrado/opt/anaconda3/envs/pymc_env/lib/python3.11/site-packages/nbclient/client.py", line 705, in async_execute
    await self.async_execute_cell(
  File "/Users/corrado/opt/anaconda3/envs/pymc_env/lib/python3.11/site-packages/nbclient/client.py", line 1058, in async_execute_cell
    await self._check_raise_for_error(cell, cell_index, exec_reply)
  File "/Users/corrado/opt/anaconda3/envs/pymc_env/lib/python3.11/site-packages/nbclient/client.py", line 914, in _check_raise_for_error
    raise CellExecutionError.from_cell_and_msg(cell, exec_reply_content)
nbclient.exceptions.CellExecutionError: An error occurred while executing the following cell:
------------------
# Definisci il numero di campioni
n_samples = 1000000
a = 3
b = 9

# Crea un array di valori x
xs = np.linspace(0, 1, size)

# Calcola la densità di probabilità (PDF) della distribuzione Beta
y_pdf = stats.beta.pdf(xs, a, b)

# Genera i campioni casuali
samps = rng.beta(a, b, size=n_samples)

# Traccia il grafico
plt.plot(xs, y_pdf, label="Densità Beta(3,9)")
plt.hist(samps, bins=50, density=True, alpha=0.6, label="Campioni")
plt.title("Confronto tra la Distribuzione Beta(3,9) e Campioni Casuali")
plt.ylabel("Densità")
plt.xlabel("Valore")
plt.legend()
plt.show();
------------------


[0;31m---------------------------------------------------------------------------[0m
[0;31mNameError[0m                                 Traceback (most recent call last)
Cell [0;32mIn[8], line 7[0m
[1;32m      4[0m b [38;5;241m=[39m [38;5;241m9[39m
[1;32m      6[0m [38;5;66;03m# Crea un array di valori x[39;00m
[0;32m----> 7[0m xs [38;5;241m=[39m np[38;5;241m.[39mlinspace([38;5;241m0[39m, [38;5;241m1[39m, [43msize[49m)
[1;32m      9[0m [38;5;66;03m# Calcola la densità di probabilità (PDF) della distribuzione Beta[39;00m
[1;32m     10[0m y_pdf [38;5;241m=[39m stats[38;5;241m.[39mbeta[38;5;241m.[39mpdf(xs, a, b)

[0;31mNameError[0m: name 'size' is not defined

